<?xml version="1.0" encoding="UTF-8"?>
<testng-results skipped="0" failed="0" ignored="4" total="5" passed="1">
  <reporter-output>
  </reporter-output>
  <suite name="Suite" duration-ms="44781" started-at="2020-01-14T00:49:37 IST" finished-at="2020-01-14T00:50:22 IST">
    <groups>
    </groups>
    <test name="Test" duration-ms="44781" started-at="2020-01-14T00:49:37 IST" finished-at="2020-01-14T00:50:22 IST">
      <class name="com.homebank.testCases.TC_AddCustomerTest_003">
        <test-method status="PASS" signature="setExtent()[pri:0, instance:com.homebank.testCases.TC_AddCustomerTest_003@39c0f4a]" name="setExtent" is-config="true" duration-ms="270" started-at="2020-01-14T00:49:37 IST" finished-at="2020-01-14T00:49:37 IST">
          <reporter-output>
          </reporter-output>
        </test-method> <!-- setExtent -->
        <test-method status="PASS" signature="setup(java.lang.String)[pri:0, instance:com.homebank.testCases.TC_AddCustomerTest_003@39c0f4a]" name="setup" is-config="true" duration-ms="13666" started-at="2020-01-14T00:49:37 IST" finished-at="2020-01-14T00:49:51 IST">
          <params>
            <param index="0">
              <value>
                <![CDATA[chrome]]>
              </value>
            </param>
          </params>
          <reporter-output>
          </reporter-output>
        </test-method> <!-- setup -->
        <test-method status="PASS" signature="endReport()[pri:0, instance:com.homebank.testCases.TC_AddCustomerTest_003@39c0f4a]" name="endReport" is-config="true" duration-ms="0" started-at="2020-01-14T00:50:23 IST" finished-at="2020-01-14T00:50:23 IST">
          <reporter-output>
          </reporter-output>
        </test-method> <!-- endReport -->
      </class> <!-- com.homebank.testCases.TC_AddCustomerTest_003 -->
      <class name="com.homebank.testCases.TC_LoginDDT_002">
        <test-method status="PASS" signature="setup(java.lang.String)[pri:0, instance:com.homebank.testCases.TC_LoginDDT_002@42e26948]" name="setup" is-config="true" duration-ms="12013" started-at="2020-01-14T00:49:39 IST" finished-at="2020-01-14T00:49:51 IST">
          <params>
            <param index="0">
              <value>
                <![CDATA[chrome]]>
              </value>
            </param>
          </params>
          <reporter-output>
          </reporter-output>
        </test-method> <!-- setup -->
      </class> <!-- com.homebank.testCases.TC_LoginDDT_002 -->
      <class name="com.homebank.testCases.TC_LoginTest_001">
        <test-method status="PASS" signature="setup(java.lang.String)[pri:0, instance:com.homebank.testCases.TC_LoginTest_001@1794d431]" name="setup" is-config="true" duration-ms="13680" started-at="2020-01-14T00:49:37 IST" finished-at="2020-01-14T00:49:51 IST">
          <params>
            <param index="0">
              <value>
                <![CDATA[chrome]]>
              </value>
            </param>
          </params>
          <reporter-output>
          </reporter-output>
        </test-method> <!-- setup -->
        <test-method status="PASS" signature="loginTest1()[pri:0, instance:com.homebank.testCases.TC_LoginTest_001@1794d431]" name="loginTest1" duration-ms="27492" started-at="2020-01-14T00:49:51 IST" finished-at="2020-01-14T00:50:19 IST">
          <reporter-output>
          </reporter-output>
        </test-method> <!-- loginTest1 -->
        <test-method status="PASS" signature="testdown(org.testng.ITestResult)[pri:0, instance:com.homebank.testCases.TC_LoginTest_001@1794d431]" name="testdown" is-config="true" duration-ms="2582" started-at="2020-01-14T00:50:19 IST" finished-at="2020-01-14T00:50:21 IST">
          <params>
            <param index="0">
              <value>
                <![CDATA[[TestResult name=loginTest1 status=SUCCESS method=TC_LoginTest_001.loginTest1()[pri:0, instance:com.homebank.testCases.TC_LoginTest_001@1794d431] output={null}]]]>
              </value>
            </param>
          </params>
          <reporter-output>
          </reporter-output>
        </test-method> <!-- testdown -->
      </class> <!-- com.homebank.testCases.TC_LoginTest_001 -->
    </test> <!-- Test -->
  </suite> <!-- Suite -->
</testng-results>
